<?xml version="1.0" encoding="UTF-8"?>
<!-- Generated by org.testng.reporters.JUnitReportReporter -->
<testsuite hostname="DESKTOP-S0VI83S" failures="0" tests="1" name="Testng1.URL" time="0.005" errors="0" timestamp="2023-03-02T11:56:39 IST" skipped="0">
  <testcase classname="Testng1.URL" name="website" time="0.005"/>
  <system-out/>
</testsuite> <!-- Testng1.URL -->
