<?xml version="1.0" encoding="UTF-8"?>
<!-- Generated by org.testng.reporters.JUnitReportReporter -->
<testsuite hostname="DESKTOP-S0VI83S" failures="0" tests="4" name="Testng1.employee" time="0.003" errors="0" timestamp="2023-03-17T00:26:46 IST" skipped="0">
  <testcase classname="Testng1.employee" name="team2" time="0.000"/>
  <system-out/>
  <testcase classname="Testng1.employee" name="team3" time="0.001"/>
  <system-out/>
  <testcase classname="Testng1.employee" name="team4" time="0.001"/>
  <system-out/>
  <testcase classname="Testng1.employee" name="team1" time="0.001"/>
  <system-out/>
</testsuite> <!-- Testng1.employee -->
