<?xml version="1.0" encoding="UTF-8"?>
<!-- Generated by org.testng.reporters.JUnitReportReporter -->
<testsuite hostname="DESKTOP-S0VI83S" failures="0" tests="6" name="Testng1.alpha" time="0.011" errors="0" timestamp="2023-03-15T22:31:25 IST" skipped="0">
  <testcase classname="Testng1.alpha" name="c1" time="0.004"/>
  <system-out/>
  <testcase classname="Testng1.alpha" name="c2" time="0.004"/>
  <system-out/>
  <testcase classname="Testng1.alpha" name="abc" time="0.001"/>
  <system-out/>
  <testcase classname="Testng1.alpha" name="c3" time="0.001"/>
  <system-out/>
  <testcase classname="Testng1.alpha" name="c5" time="0.001"/>
  <system-out/>
  <testcase classname="Testng1.alpha" name="c4" time="0.000"/>
  <system-out/>
</testsuite> <!-- Testng1.alpha -->
