<?xml version="1.0" encoding="UTF-8"?>
<!-- Generated by org.testng.reporters.JUnitReportReporter -->
<testsuite hostname="DESKTOP-S0VI83S" failures="0" tests="1" name="Testng1.test1" time="0.003" errors="0" timestamp="2023-02-09T22:04:46 IST" skipped="0">
  <testcase classname="Testng1.test1" name="check" time="0.003"/>
  <system-out/>
</testsuite> <!-- Testng1.test1 -->
