<?xml version="1.0" encoding="UTF-8"?>
<!-- Generated by org.testng.reporters.JUnitReportReporter -->
<testsuite hostname="DESKTOP-S0VI83S" failures="0" tests="3" name="Testng1.test2" time="0.001" errors="0" timestamp="2023-03-17T00:26:46 IST" skipped="0">
  <testcase classname="Testng1.test2" name="last" time="0.000"/>
  <system-out/>
  <testcase classname="Testng1.test2" name="check2" time="0.001"/>
  <system-out/>
  <testcase classname="Testng1.test2" name="check3" time="0.000"/>
  <system-out/>
</testsuite> <!-- Testng1.test2 -->
