<?xml version="1.0" encoding="UTF-8"?>
<!-- Generated by org.testng.reporters.JUnitReportReporter -->
<testsuite hostname="DESKTOP-S0VI83S" failures="0" tests="5" name="Testng1.days" time="0.011" errors="0" timestamp="2023-03-17T00:26:46 IST" skipped="0">
  <testcase classname="Testng1.days" name="Seventh" time="0.004"/>
  <system-out/>
  <testcase classname="Testng1.days" name="fourth" time="0.001"/>
  <system-out/>
  <testcase classname="Testng1.days" name="fifth" time="0.003"/>
  <system-out/>
  <testcase classname="Testng1.days" name="first" time="0.002"/>
  <system-out/>
  <testcase classname="Testng1.days" name="Six" time="0.001"/>
  <system-out/>
</testsuite> <!-- Testng1.days -->
