<?xml version="1.0" encoding="UTF-8"?>
<!-- Generated by org.testng.reporters.JUnitReportReporter -->
<testsuite hostname="DESKTOP-S0VI83S" failures="0" tests="5" name="Testng1.carinfo" time="0.006" errors="0" timestamp="2023-03-21T23:34:17 IST" skipped="0">
  <testcase classname="Testng1.carinfo" name="carlogin" time="0.001"/>
  <system-out/>
  <testcase classname="Testng1.carinfo" name="Homepage2" time="0.001"/>
  <system-out/>
  <testcase classname="Testng1.carinfo" name="carlogin1" time="0.000"/>
  <system-out/>
  <testcase classname="Testng1.carinfo" name="carlogin3" time="0.001"/>
  <system-out/>
  <testcase classname="Testng1.carinfo" name="Homepage" time="0.003"/>
  <system-out/>
</testsuite> <!-- Testng1.carinfo -->
