<?xml version="1.0" encoding="UTF-8"?>
<!-- Generated by org.testng.reporters.JUnitReportReporter -->
<testsuite hostname="DESKTOP-S0VI83S" failures="0" tests="7" name="Testng1.new1" time="0.012" errors="0" timestamp="2023-03-17T00:26:23 IST" skipped="0">
  <testcase classname="Testng1.new1" name="check" time="0.001"/>
  <system-out/>
  <testcase classname="Testng1.new1" name="check" time="0.000"/>
  <system-out/>
  <testcase classname="Testng1.new1" name="check" time="0.001"/>
  <system-out/>
  <testcase classname="Testng1.new1" name="check" time="0.001"/>
  <system-out/>
  <testcase classname="Testng1.new1" name="check" time="0.007"/>
  <system-out/>
  <testcase classname="Testng1.new1" name="check3" time="0.001"/>
  <system-out/>
  <testcase classname="Testng1.new1" name="check2" time="0.001"/>
  <system-out/>
</testsuite> <!-- Testng1.new1 -->
