<?xml version="1.0" encoding="UTF-8"?>
<!-- Generated by org.testng.reporters.JUnitReportReporter -->
<testsuite hostname="DESKTOP-S0VI83S" failures="0" tests="10" name="Testng1.test" time="0.010" errors="0" timestamp="2023-03-17T00:26:16 IST" skipped="0">
  <testcase classname="Testng1.test" name="check1" time="0.004"/>
  <system-out/>
  <testcase classname="Testng1.test" name="check1" time="0.001"/>
  <system-out/>
  <testcase classname="Testng1.test" name="check2" time="0.001"/>
  <system-out/>
  <testcase classname="Testng1.test" name="check1" time="0.001"/>
  <system-out/>
  <testcase classname="Testng1.test" name="check1" time="0.001"/>
  <system-out/>
  <testcase classname="Testng1.test" name="check1" time="0.001"/>
  <system-out/>
  <testcase classname="Testng1.test" name="check1" time="0.000"/>
  <system-out/>
  <testcase classname="Testng1.test" name="check1" time="0.000"/>
  <system-out/>
  <testcase classname="Testng1.test" name="check1" time="0.000"/>
  <system-out/>
  <testcase classname="Testng1.test" name="check3" time="0.001"/>
  <system-out/>
</testsuite> <!-- Testng1.test -->
