<?xml version="1.0" encoding="UTF-8"?>
<!-- Generated by org.testng.reporters.JUnitReportReporter -->
<testsuite hostname="DESKTOP-S0VI83S" failures="0" tests="1" name="test.test2" time="0.000" errors="0" timestamp="2023-03-02T13:23:34 IST" skipped="0">
  <testcase classname="test.test2" name="bike" time="0.000"/>
  <system-out/>
</testsuite> <!-- test.test2 -->
