<?xml version="1.0" encoding="UTF-8"?>
<!-- Generated by org.testng.reporters.JUnitReportReporter -->
<testsuite hostname="DESKTOP-S0VI83S" failures="0" tests="5" name="test.test1" time="0.009" errors="0" timestamp="2023-03-05T13:13:45 IST" skipped="0">
  <testcase classname="test.test1" name="check3" time="0.006"/>
  <system-out/>
  <testcase classname="test.test1" name="check1" time="0.001"/>
  <system-out/>
  <testcase classname="test.test1" name="check4" time="0.001"/>
  <system-out/>
  <testcase classname="test.test1" name="check2" time="0.001"/>
  <system-out/>
  <testcase classname="test.test1" name="check5" time="0.000"/>
  <system-out/>
</testsuite> <!-- test.test1 -->
